d:\iitgmtech\firstsemester\speechprocessing\finalproject\clrproj1\debug\vc142.pdb
d:\iitgmtech\firstsemester\speechprocessing\finalproject\clrproj1\debug\shami.obj
d:\iitgmtech\firstsemester\speechprocessing\finalproject\clrproj1\debug\rohit.obj
d:\iitgmtech\firstsemester\speechprocessing\finalproject\clrproj1\debug\myform.obj
d:\iitgmtech\firstsemester\speechprocessing\finalproject\clrproj1\debug\maxwell.obj
d:\iitgmtech\firstsemester\speechprocessing\finalproject\clrproj1\debug\marsh.obj
d:\iitgmtech\firstsemester\speechprocessing\finalproject\clrproj1\debug\jadeja.obj
d:\iitgmtech\firstsemester\speechprocessing\finalproject\clrproj1\debug\india.obj
d:\iitgmtech\firstsemester\speechprocessing\finalproject\clrproj1\debug\hmm.obj
d:\iitgmtech\firstsemester\speechprocessing\finalproject\clrproj1\debug\hardik.obj
d:\iitgmtech\firstsemester\speechprocessing\finalproject\clrproj1\debug\football_country.obj
d:\iitgmtech\firstsemester\speechprocessing\finalproject\clrproj1\debug\finch.obj
d:\iitgmtech\firstsemester\speechprocessing\finalproject\clrproj1\debug\dhoni.obj
d:\iitgmtech\firstsemester\speechprocessing\finalproject\clrproj1\debug\cummins.obj
d:\iitgmtech\firstsemester\speechprocessing\finalproject\clrproj1\debug\cricket_country.obj
d:\iitgmtech\firstsemester\speechprocessing\finalproject\clrproj1\debug\bumrah.obj
d:\iitgmtech\firstsemester\speechprocessing\finalproject\clrproj1\debug\bowlers.obj
d:\iitgmtech\firstsemester\speechprocessing\finalproject\clrproj1\debug\batsmen.obj
d:\iitgmtech\firstsemester\speechprocessing\finalproject\clrproj1\debug\badminton_country.obj
d:\iitgmtech\firstsemester\speechprocessing\finalproject\clrproj1\debug\ashwin.obj
d:\iitgmtech\firstsemester\speechprocessing\finalproject\clrproj1\debug\all-rounders.obj
d:\iitgmtech\firstsemester\speechprocessing\finalproject\clrproj1\debug\zampa.obj
d:\iitgmtech\firstsemester\speechprocessing\finalproject\clrproj1\debug\warner.obj
d:\iitgmtech\firstsemester\speechprocessing\finalproject\clrproj1\debug\virat.obj
d:\iitgmtech\firstsemester\speechprocessing\finalproject\clrproj1\debug\umesh.obj
d:\iitgmtech\firstsemester\speechprocessing\finalproject\clrproj1\debug\training.obj
d:\iitgmtech\firstsemester\speechprocessing\finalproject\clrproj1\debug\test_train.obj
d:\iitgmtech\firstsemester\speechprocessing\finalproject\clrproj1\debug\stoinis.obj
d:\iitgmtech\firstsemester\speechprocessing\finalproject\clrproj1\debug\stark.obj
d:\iitgmtech\firstsemester\speechprocessing\finalproject\clrproj1\debug\sports.obj
d:\iitgmtech\firstsemester\speechprocessing\finalproject\clrproj1\debug\smith.obj
d:\iitgmtech\firstsemester\speechprocessing\finalproject\clrproj1\debug\siddle.obj
d:\iitgmtech\firstsemester\speechprocessing\finalproject\clrproj1\debug\shikhar.obj
d:\iitgmtech\firstsemester\speechprocessing\finalproject\clrproj1\debug\.netframework,version=v4.7.2.assemblyattributes.obj
d:\iitgmtech\firstsemester\speechprocessing\finalproject\clrproj1\debug\.netframework,version=v4.7.2.assemblyattributes.asm
d:\iitgmtech\firstsemester\speechprocessing\finalproject\clrproj1\debug\training1.obj
d:\iitgmtech\firstsemester\speechprocessing\finalproject\clrproj1\debug\ramos.obj
d:\iitgmtech\firstsemester\speechprocessing\finalproject\clrproj1\debug\pogba.obj
d:\iitgmtech\firstsemester\speechprocessing\finalproject\clrproj1\debug\morata.obj
d:\iitgmtech\firstsemester\speechprocessing\finalproject\clrproj1\debug\messi.obj
d:\iitgmtech\firstsemester\speechprocessing\finalproject\clrproj1\debug\mbappe.obj
d:\iitgmtech\firstsemester\speechprocessing\finalproject\clrproj1\debug\kante.obj
d:\iitgmtech\firstsemester\speechprocessing\finalproject\clrproj1\debug\isco.obj
d:\iitgmtech\firstsemester\speechprocessing\finalproject\clrproj1\debug\griezmann.obj
d:\iitgmtech\firstsemester\speechprocessing\finalproject\clrproj1\debug\footballplayers.obj
d:\iitgmtech\firstsemester\speechprocessing\finalproject\clrproj1\debug\dybala.obj
d:\iitgmtech\firstsemester\speechprocessing\finalproject\clrproj1\debug\demaria.obj
d:\iitgmtech\firstsemester\speechprocessing\finalproject\clrproj1\debug\asensio.obj
d:\iitgmtech\firstsemester\speechprocessing\finalproject\clrproj1\debug\aguero.obj
d:\iitgmtech\firstsemester\speechprocessing\finalproject\clrproj1\debug\clrproj1.all-rounders.resources
d:\iitgmtech\firstsemester\speechprocessing\finalproject\clrproj1\debug\clrproj1.badminton_country.resources
d:\iitgmtech\firstsemester\speechprocessing\finalproject\clrproj1\debug\clrproj1.batsmen.resources
d:\iitgmtech\firstsemester\speechprocessing\finalproject\clrproj1\debug\clrproj1.bowlers.resources
d:\iitgmtech\firstsemester\speechprocessing\finalproject\clrproj1\debug\clrproj1.cricket_country.resources
d:\iitgmtech\firstsemester\speechprocessing\finalproject\clrproj1\debug\clrproj1.football_country.resources
d:\iitgmtech\firstsemester\speechprocessing\finalproject\clrproj1\debug\clrproj1.india.resources
d:\iitgmtech\firstsemester\speechprocessing\finalproject\clrproj1\debug\clrproj1.myform.resources
d:\iitgmtech\firstsemester\speechprocessing\finalproject\clrproj1\debug\clrproj1.sports.resources
d:\iitgmtech\firstsemester\speechprocessing\finalproject\clrproj1\debug\clrproj1.test_train.resources
d:\iitgmtech\firstsemester\speechprocessing\finalproject\clrproj1\debug\clrproj1.training.resources
d:\iitgmtech\firstsemester\speechprocessing\finalproject\clrproj1\debug\clrproj1.virat.resources
d:\iitgmtech\firstsemester\speechprocessing\finalproject\clrproj1\debug\clrproj1.footballplayers.resources
d:\iitgmtech\firstsemester\speechprocessing\finalproject\clrproj1\debug\clrproj1.training1.resources
d:\iitgmtech\firstsemester\speechprocessing\finalproject\clrproj1\debug\clrproj1.exe
d:\iitgmtech\firstsemester\speechprocessing\finalproject\clrproj1\debug\clrproj1.pdb
d:\iitgmtech\firstsemester\speechprocessing\finalproject\clrproj1\debug\clrproj1.vcxproj.generateresource.cache
d:\iitgmtech\firstsemester\speechprocessing\finalproject\clrproj1\debug\clrproj1.vcxprojassemblyreference.cache
d:\iitgmtech\firstsemester\speechprocessing\finalproject\clrproj1\debug\clrproj1.exe.metagen
d:\iitgmtech\firstsemester\speechprocessing\finalproject\clrproj1\debug\clrproj1.tlog\cl.command.1.tlog
d:\iitgmtech\firstsemester\speechprocessing\finalproject\clrproj1\debug\clrproj1.tlog\cl.read.1.tlog
d:\iitgmtech\firstsemester\speechprocessing\finalproject\clrproj1\debug\clrproj1.tlog\cl.write.1.tlog
d:\iitgmtech\firstsemester\speechprocessing\finalproject\clrproj1\debug\clrproj1.tlog\clrproj1.write.1u.tlog
d:\iitgmtech\firstsemester\speechprocessing\finalproject\clrproj1\debug\clrproj1.tlog\link.15824.delete.1.tlog
d:\iitgmtech\firstsemester\speechprocessing\finalproject\clrproj1\debug\clrproj1.tlog\link.18924.delete.1.tlog
d:\iitgmtech\firstsemester\speechprocessing\finalproject\clrproj1\debug\clrproj1.tlog\link.19676.delete.1.tlog
d:\iitgmtech\firstsemester\speechprocessing\finalproject\clrproj1\debug\clrproj1.tlog\link.22132.delete.1.tlog
d:\iitgmtech\firstsemester\speechprocessing\finalproject\clrproj1\debug\clrproj1.tlog\link.24188.delete.1.tlog
d:\iitgmtech\firstsemester\speechprocessing\finalproject\clrproj1\debug\clrproj1.tlog\link.3016.delete.1.tlog
d:\iitgmtech\firstsemester\speechprocessing\finalproject\clrproj1\debug\clrproj1.tlog\link.5160.delete.1.tlog
d:\iitgmtech\firstsemester\speechprocessing\finalproject\clrproj1\debug\clrproj1.tlog\link.command.1.tlog
d:\iitgmtech\firstsemester\speechprocessing\finalproject\clrproj1\debug\clrproj1.tlog\link.read.1.tlog
d:\iitgmtech\firstsemester\speechprocessing\finalproject\clrproj1\debug\clrproj1.tlog\link.write.1.tlog
d:\iitgmtech\firstsemester\speechprocessing\finalproject\clrproj1\debug\clrproj1.tlog\metagen.read.1.tlog
d:\iitgmtech\firstsemester\speechprocessing\finalproject\clrproj1\debug\clrproj1.tlog\metagen.write.1.tlog
